# JRE version: OpenJDK Runtime Environment Microsoft-8035246 (17.0.8+7) (build 17.0.8+7-LTS)
# Java VM: OpenJDK 64-Bit Server VM Microsoft-8035246 (17.0.8+7-LTS, mixed mode, sharing, tiered, compressed oops, compressed class ptrs, g1 gc, windows-amd64)
GC Precious Log:
 CPUs: 16 total, 16 available
 Memory: 16024M
 Large Page Support: Disabled
 NUMA Support: Disabled
 Compressed Oops: Enabled (32-bit)
 Heap Region Size: 1M
 Heap Min Capacity: 8M
 Heap Initial Capacity: 252M
 Heap Max Capacity: 2G
 Pre-touch: Disabled
 Parallel Workers: 13
 Concurrent Workers: 3
 Concurrent Refinement Workers: 13
 Periodic GC: Disabled
Heap:
 garbage-first heap   total 212992K, used 107410K [0x0000000080000000, 0x0000000100000000)
  region size 1024K, 26 young (26624K), 7 survivors (7168K)
 Metaspace       used 73156K, committed 74112K, reserved 491520K
  class space    used 10278K, committed 10752K, reserved 425984K
GC Heap History (20 events):
Event: 19.137 GC heap before
{Heap before GC invocations=21 (full 0):
 garbage-first heap   total 101376K, used 63046K [0x0000000080000000, 0x0000000100000000)
  region size 1024K, 4 young (4096K), 2 survivors (2048K)
 Metaspace       used 54440K, committed 55168K, reserved 491520K
  class space    used 7628K, committed 8000K, reserved 425984K
}
Event: 19.143 GC heap after
{Heap after GC invocations=22 (full 0):
 garbage-first heap   total 101376K, used 59738K [0x0000000080000000, 0x0000000100000000)
  region size 1024K, 1 young (1024K), 1 survivors (1024K)
 Metaspace       used 54440K, committed 55168K, reserved 491520K
  class space    used 7628K, committed 8000K, reserved 425984K
}
Event: 19.629 GC heap before
{Heap before GC invocations=22 (full 0):
 garbage-first heap   total 101376K, used 78170K [0x0000000080000000, 0x0000000100000000)
  region size 1024K, 19 young (19456K), 1 survivors (1024K)
 Metaspace       used 56568K, committed 57152K, reserved 491520K
  class space    used 7927K, committed 8192K, reserved 425984K
}
Event: 19.633 GC heap after
{Heap after GC invocations=23 (full 0):
 garbage-first heap   total 101376K, used 60365K [0x0000000080000000, 0x0000000100000000)
  region size 1024K, 1 young (1024K), 1 survivors (1024K)
 Metaspace       used 56568K, committed 57152K, reserved 491520K
  class space    used 7927K, committed 8192K, reserved 425984K
}
Event: 20.044 GC heap before
{Heap before GC invocations=24 (full 0):
 garbage-first heap   total 106496K, used 77773K [0x0000000080000000, 0x0000000100000000)
  region size 1024K, 19 young (19456K), 1 survivors (1024K)
 Metaspace       used 57814K, committed 58432K, reserved 491520K
  class space    used 8094K, committed 8384K, reserved 425984K
}
Event: 20.050 GC heap after
{Heap after GC invocations=25 (full 0):
 garbage-first heap   total 106496K, used 61297K [0x0000000080000000, 0x0000000100000000)
  region size 1024K, 2 young (2048K), 2 survivors (2048K)
 Metaspace       used 57814K, committed 58432K, reserved 491520K
  class space    used 8094K, committed 8384K, reserved 425984K
}
Event: 20.100 GC heap before
{Heap before GC invocations=25 (full 0):
 garbage-first heap   total 106496K, used 64369K [0x0000000080000000, 0x0000000100000000)
  region size 1024K, 5 young (5120K), 2 survivors (2048K)
 Metaspace       used 58030K, committed 58624K, reserved 491520K
  class space    used 8116K, committed 8384K, reserved 425984K
}
Event: 20.106 GC heap after
{Heap after GC invocations=26 (full 0):
 garbage-first heap   total 212992K, used 60325K [0x0000000080000000, 0x0000000100000000)
  region size 1024K, 1 young (1024K), 1 survivors (1024K)
 Metaspace       used 58030K, committed 58624K, reserved 491520K
  class space    used 8116K, committed 8384K, reserved 425984K
}
Event: 23.493 GC heap before
{Heap before GC invocations=26 (full 0):
 garbage-first heap   total 212992K, used 142245K [0x0000000080000000, 0x0000000100000000)
  region size 1024K, 78 young (79872K), 1 survivors (1024K)
 Metaspace       used 63343K, committed 64000K, reserved 491520K
  class space    used 8971K, committed 9280K, reserved 425984K
}
Event: 23.499 GC heap after
{Heap after GC invocations=27 (full 0):
 garbage-first heap   total 212992K, used 66165K [0x0000000080000000, 0x0000000100000000)
  region size 1024K, 3 young (3072K), 3 survivors (3072K)
 Metaspace       used 63343K, committed 64000K, reserved 491520K
  class space    used 8971K, committed 9280K, reserved 425984K
}
Event: 25.959 GC heap before
{Heap before GC invocations=27 (full 0):
 garbage-first heap   total 212992K, used 147061K [0x0000000080000000, 0x0000000100000000)
  region size 1024K, 82 young (83968K), 3 survivors (3072K)
 Metaspace       used 66587K, committed 67392K, reserved 491520K
  class space    used 9408K, committed 9792K, reserved 425984K
}
Event: 25.972 GC heap after
{Heap after GC invocations=28 (full 0):
 garbage-first heap   total 212992K, used 72512K [0x0000000080000000, 0x0000000100000000)
  region size 1024K, 10 young (10240K), 10 survivors (10240K)
 Metaspace       used 66587K, committed 67392K, reserved 491520K
  class space    used 9408K, committed 9792K, reserved 425984K
}
Event: 29.983 GC heap before
{Heap before GC invocations=28 (full 0):
 garbage-first heap   total 212992K, used 151360K [0x0000000080000000, 0x0000000100000000)
  region size 1024K, 88 young (90112K), 10 survivors (10240K)
 Metaspace       used 71077K, committed 71808K, reserved 491520K
  class space    used 10087K, committed 10432K, reserved 425984K
}
Event: 30.009 GC heap after
{Heap after GC invocations=29 (full 0):
 garbage-first heap   total 212992K, used 79266K [0x0000000080000000, 0x0000000100000000)
  region size 1024K, 9 young (9216K), 9 survivors (9216K)
 Metaspace       used 71077K, committed 71808K, reserved 491520K
  class space    used 10087K, committed 10432K, reserved 425984K
}
Event: 34.239 GC heap before
{Heap before GC invocations=29 (full 0):
 garbage-first heap   total 212992K, used 157090K [0x0000000080000000, 0x0000000100000000)
  region size 1024K, 84 young (86016K), 9 survivors (9216K)
 Metaspace       used 73080K, committed 74048K, reserved 491520K
  class space    used 10275K, committed 10752K, reserved 425984K
}
Event: 34.304 GC heap after
{Heap after GC invocations=30 (full 0):
 garbage-first heap   total 212992K, used 86041K [0x0000000080000000, 0x0000000100000000)
  region size 1024K, 10 young (10240K), 10 survivors (10240K)
 Metaspace       used 73080K, committed 74048K, reserved 491520K
  class space    used 10275K, committed 10752K, reserved 425984K
}
Event: 36.184 GC heap before
{Heap before GC invocations=30 (full 0):
 garbage-first heap   total 212992K, used 157721K [0x0000000080000000, 0x0000000100000000)
  region size 1024K, 81 young (82944K), 10 survivors (10240K)
 Metaspace       used 73129K, committed 74112K, reserved 491520K
  class space    used 10275K, committed 10752K, reserved 425984K
}
Event: 36.228 GC heap after
{Heap after GC invocations=31 (full 0):
 garbage-first heap   total 212992K, used 88330K [0x0000000080000000, 0x0000000100000000)
  region size 1024K, 5 young (5120K), 5 survivors (5120K)
 Metaspace       used 73129K, committed 74112K, reserved 491520K
  class space    used 10275K, committed 10752K, reserved 425984K
}
Event: 38.030 GC heap before
{Heap before GC invocations=31 (full 0):
 garbage-first heap   total 212992K, used 162058K [0x0000000080000000, 0x0000000100000000)
  region size 1024K, 78 young (79872K), 5 survivors (5120K)
 Metaspace       used 73133K, committed 74112K, reserved 491520K
  class space    used 10275K, committed 10752K, reserved 425984K
}
Event: 38.066 GC heap after
{Heap after GC invocations=32 (full 0):
 garbage-first heap   total 212992K, used 90002K [0x0000000080000000, 0x0000000100000000)
  region size 1024K, 7 young (7168K), 7 survivors (7168K)
 Metaspace       used 73133K, committed 74112K, reserved 491520K
  class space    used 10275K, committed 10752K, reserved 425984K
}

